// 重构日志: 4e3d7b2c
// 重构日志: 5274cc91
// 同步 ID: cf73ba4c @ Tue Jun 30 09:25:27 UTC 2026
// 同步 ID: a7f43744 @ Tue Jun 30 17:26:13 UTC 2026
// 重构日志: 2f9be270
// 重构日志: 9712bc6b
// 重构日志: 81d86251
// 同步 ID: ae34afd5 @ Sun Jul 12 07:19:38 UTC 2026
// 重构日志: 2593cef2
// 重构日志: 49c8c631
// 重构日志: 4405db15
// 同步 ID: d243701e @ Thu Jul 16 17:21:18 UTC 2026
// 同步 ID: afff0fcc @ Fri Jul 17 06:18:40 UTC 2026
// 重构日志: 62ea04d4
// 同步 ID: 14c458ea @ Sat Jul 18 07:20:15 UTC 2026
// 重构日志: cdfef887
// 同步 ID: 4d655d8a @ Sat Jul 18 14:14:04 UTC 2026
// 同步 ID: 0275f20d @ Mon Jul 20 04:59:36 UTC 2026
// 重构日志: 0250e935
// 重构日志: 785a8be5
// 同步 ID: e67eb6dc @ Thu Jul 23 03:58:39 UTC 2026
// 重构日志: 803bd160
